<?xml version="1.0" encoding="utf-8"?><testsuites name="pytest tests"><testsuite name="pytest" errors="0" failures="1" skipped="0" tests="14" time="2.264" timestamp="2026-03-01T21:46:33.683796+00:00" hostname="agent-env-3b236c7e-28b3-441b-b049-f828ba86eee8"><testcase classname="backend.tests.test_sinadicciones_api.TestAuthentication" name="test_patient_login_success" time="0.190" /><testcase classname="backend.tests.test_sinadicciones_api.TestAuthentication" name="test_professional_login_success" time="0.147" /><testcase classname="backend.tests.test_sinadicciones_api.TestAuthentication" name="test_login_invalid_credentials" time="0.116" /><testcase classname="backend.tests.test_sinadicciones_api.TestPatientProfile" name="test_get_patient_profile" time="0.241" /><testcase classname="backend.tests.test_sinadicciones_api.TestPatientProfile" name="test_patient_has_linked_therapist" time="0.117" /><testcase classname="backend.tests.test_sinadicciones_api.TestProfessionalProfile" name="test_get_professional_profile" time="0.276" /><testcase classname="backend.tests.test_sinadicciones_api.TestProfessionalPatientAccess" name="test_professional_can_see_patients_list" time="0.118" /><testcase classname="backend.tests.test_sinadicciones_api.TestProfessionalPatientAccess" name="test_professional_can_view_patient_details" time="0.227"><failure message="AssertionError: Expected 200, got 404&#10;assert 404 == 200&#10; +  where 404 = &lt;Response [404]&gt;.status_code">backend/tests/test_sinadicciones_api.py:194: in test_professional_can_view_patient_details
    assert detail_response.status_code == 200, f"Expected 200, got {detail_response.status_code}"
E   AssertionError: Expected 200, got 404
E   assert 404 == 200
E    +  where 404 = &lt;Response [404]&gt;.status_code</failure></testcase><testcase classname="backend.tests.test_sinadicciones_api.TestHabits" name="test_get_habits_list" time="0.123" /><testcase classname="backend.tests.test_sinadicciones_api.TestHabits" name="test_habits_have_streak_info" time="0.131" /><testcase classname="backend.tests.test_sinadicciones_api.TestGoalsSMART" name="test_get_goals_list" time="0.125" /><testcase classname="backend.tests.test_sinadicciones_api.TestGoalsSMART" name="test_goals_have_weekly_tracking" time="0.109" /><testcase classname="backend.tests.test_sinadicciones_api.TestNelsonChat" name="test_nelson_chat_endpoint" time="0.110" /><testcase classname="backend.tests.test_sinadicciones_api.TestTriggerStrategies" name="test_get_trigger_strategies" time="0.113" /></testsuite></testsuites>