<?xml version="1.0" encoding="utf-8"?><testsuites name="pytest tests"><testsuite name="pytest" errors="0" failures="0" skipped="0" tests="5" time="8.373" timestamp="2026-03-01T02:26:55.439914+00:00" hostname="agent-env-6053d7ee-64ed-451d-934c-344b64589600"><testcase classname="tests.test_purpose_dashboard.TestPurposeEndpoints" name="test_purpose_stats_endpoint" time="0.278" /><testcase classname="tests.test_purpose_dashboard.TestPurposeEndpoints" name="test_purpose_ai_analysis_cached" time="0.205" /><testcase classname="tests.test_purpose_dashboard.TestPurposeEndpoints" name="test_purpose_ai_analysis_generate" time="7.545" /><testcase classname="tests.test_purpose_dashboard.TestAuthEndpoints" name="test_login_success" time="0.136" /><testcase classname="tests.test_purpose_dashboard.TestAuthEndpoints" name="test_login_invalid_credentials" time="0.121" /></testsuite></testsuites>