<?xml version="1.0" encoding="utf-8"?><testsuites name="pytest tests"><testsuite name="pytest" errors="0" failures="0" skipped="0" tests="24" time="12.500" timestamp="2026-03-01T23:01:52.579901+00:00" hostname="agent-env-c61ebe3f-af3c-4c6c-92a2-8cb4cb24d294"><testcase classname="backend.tests.test_main_endpoints.TestAuthentication" name="test_patient_login_success" time="0.249" /><testcase classname="backend.tests.test_main_endpoints.TestAuthentication" name="test_professional_login_success" time="0.149" /><testcase classname="backend.tests.test_main_endpoints.TestAuthentication" name="test_login_invalid_credentials" time="0.116" /><testcase classname="backend.tests.test_main_endpoints.TestAuthentication" name="test_login_missing_password" time="0.173" /><testcase classname="backend.tests.test_main_endpoints.TestEmotionalLogs" name="test_get_emotional_logs_returns_list" time="0.235" /><testcase classname="backend.tests.test_main_endpoints.TestEmotionalLogs" name="test_create_emotional_log_success" time="0.327" /><testcase classname="backend.tests.test_main_endpoints.TestEmotionalLogs" name="test_emotional_logs_unauthorized" time="0.105" /><testcase classname="backend.tests.test_main_endpoints.TestNelsonChat" name="test_nelson_chat_basic_message" time="5.796" /><testcase classname="backend.tests.test_main_endpoints.TestNelsonChat" name="test_nelson_chat_anxiety_prompt" time="3.150" /><testcase classname="backend.tests.test_main_endpoints.TestNelsonChat" name="test_nelson_chat_unauthorized" time="0.118" /><testcase classname="backend.tests.test_main_endpoints.TestProfessionalPatients" name="test_get_patients_list" time="0.251" /><testcase classname="backend.tests.test_main_endpoints.TestProfessionalPatients" name="test_professional_patients_unauthorized" time="0.127" /><testcase classname="backend.tests.test_main_endpoints.TestProfessionalPatients" name="test_patient_cannot_access_professional_patients" time="0.111" /><testcase classname="backend.tests.test_main_endpoints.TestProfessionalAlerts" name="test_get_alerts_list" time="0.141" /><testcase classname="backend.tests.test_main_endpoints.TestProfessionalAlerts" name="test_alerts_unauthorized" time="0.125" /><testcase classname="backend.tests.test_main_endpoints.TestHabits" name="test_get_habits_list" time="0.115" /><testcase classname="backend.tests.test_main_endpoints.TestHabits" name="test_habits_unauthorized" time="0.122" /><testcase classname="backend.tests.test_main_endpoints.TestProfile" name="test_get_patient_profile" time="0.159" /><testcase classname="backend.tests.test_main_endpoints.TestProfile" name="test_get_professional_profile" time="0.109" /><testcase classname="backend.tests.test_main_endpoints.TestProfile" name="test_profile_unauthorized" time="0.110" /><testcase classname="backend.tests.test_main_endpoints.TestPurposeGoals" name="test_get_goals_list" time="0.117" /><testcase classname="backend.tests.test_main_endpoints.TestPurposeGoals" name="test_goals_unauthorized" time="0.112" /><testcase classname="backend.tests.test_main_endpoints.TestCrossProfileIntegration" name="test_patient_therapist_link_visible" time="0.230" /><testcase classname="backend.tests.test_main_endpoints.TestHealthCheck" name="test_health_endpoint" time="0.125" /></testsuite></testsuites>