<?xml version="1.0" encoding="utf-8"?><testsuites name="pytest tests"><testsuite name="pytest" errors="0" failures="0" skipped="0" tests="17" time="3.482" timestamp="2026-03-01T19:59:07.548374+00:00" hostname="agent-env-3b236c7e-28b3-441b-b049-f828ba86eee8"><testcase classname="backend.tests.test_smart_goals.TestSMARTGoals" name="test_get_goals_success" time="0.352" /><testcase classname="backend.tests.test_smart_goals.TestSMARTGoals" name="test_get_goals_unauthorized" time="0.134" /><testcase classname="backend.tests.test_smart_goals.TestSMARTGoals" name="test_create_goal_success" time="0.161" /><testcase classname="backend.tests.test_smart_goals.TestSMARTGoals" name="test_create_goal_with_different_target_days" time="0.224" /><testcase classname="backend.tests.test_smart_goals.TestSMARTGoals" name="test_create_goal_default_target_days" time="0.268" /><testcase classname="backend.tests.test_smart_goals.TestSMARTGoals" name="test_toggle_day_success" time="0.122" /><testcase classname="backend.tests.test_smart_goals.TestSMARTGoals" name="test_toggle_day_off" time="0.107" /><testcase classname="backend.tests.test_smart_goals.TestSMARTGoals" name="test_toggle_multiple_days" time="0.578" /><testcase classname="backend.tests.test_smart_goals.TestSMARTGoals" name="test_toggle_day_invalid_day" time="0.111" /><testcase classname="backend.tests.test_smart_goals.TestSMARTGoals" name="test_toggle_day_nonexistent_goal" time="0.129" /><testcase classname="backend.tests.test_smart_goals.TestSMARTGoals" name="test_monthly_analysis_success" time="0.121" /><testcase classname="backend.tests.test_smart_goals.TestSMARTGoals" name="test_monthly_analysis_specific_month" time="0.113" /><testcase classname="backend.tests.test_smart_goals.TestSMARTGoals" name="test_monthly_analysis_goals_structure" time="0.113" /><testcase classname="backend.tests.test_smart_goals.TestSMARTGoals" name="test_monthly_analysis_performance_levels" time="0.122" /><testcase classname="backend.tests.test_smart_goals.TestSMARTGoals" name="test_cleanup_test_goals" time="0.483" /><testcase classname="backend.tests.test_smart_goals.TestLoginAuth" name="test_login_success" time="0.111" /><testcase classname="backend.tests.test_smart_goals.TestLoginAuth" name="test_login_invalid_credentials" time="0.109" /></testsuite></testsuites>